<?xml version="1.0" encoding="UTF-8"?>
<testsuite name="org.iplacex.proyectos.discografia.ApiApplicationTests" tests="1" skipped="0" failures="0" errors="0" timestamp="2024-11-25T18:14:04" hostname="MFERRER" time="1.35">
  <properties/>
  <testcase name="contextLoads()" classname="org.iplacex.proyectos.discografia.ApiApplicationTests" time="1.35"/>
  <system-out><![CDATA[15:13:58.708 [Test worker] INFO org.springframework.test.context.support.AnnotationConfigContextLoaderUtils -- Could not detect default configuration classes for test class [org.iplacex.proyectos.discografia.ApiApplicationTests]: ApiApplicationTests does not declare any static, non-private, non-final, nested classes annotated with @Configuration.
15:13:58.858 [Test worker] INFO org.springframework.boot.test.context.SpringBootTestContextBootstrapper -- Found @SpringBootConfiguration org.iplacex.proyectos.discografia.ApiApplication for test class org.iplacex.proyectos.discografia.ApiApplicationTests

  .   ____          _            __ _ _
 /\\ / ___'_ __ _ _(_)_ __  __ _ \ \ \ \
( ( )\___ | '_ | '_| | '_ \/ _` | \ \ \ \
 \\/  ___)| |_)| | | | | || (_| |  ) ) ) )
  '  |____| .__|_| |_|_| |_\__, | / / / /
 =========|_|==============|___/=/_/_/_/

 :: Spring Boot ::                (v3.3.5)

2024-11-25T15:13:59.603-03:00  INFO 24044 --- [api] [    Test worker] o.i.p.discografia.ApiApplicationTests    : Starting ApiApplicationTests using Java 21.0.3 with PID 24044 (started by HP in C:\Users\HP\Desktop\IPLACEX\8vo BIMESTRE\PROGRAMACION WEB SERVICE\04_FINAL\discografia)
2024-11-25T15:13:59.605-03:00  INFO 24044 --- [api] [    Test worker] o.i.p.discografia.ApiApplicationTests    : No active profile set, falling back to 1 default profile: "default"
2024-11-25T15:14:00.788-03:00  INFO 24044 --- [api] [    Test worker] .s.d.r.c.RepositoryConfigurationDelegate : Bootstrapping Spring Data MongoDB repositories in DEFAULT mode.
2024-11-25T15:14:00.878-03:00  INFO 24044 --- [api] [    Test worker] .s.d.r.c.RepositoryConfigurationDelegate : Finished Spring Data repository scanning in 71 ms. Found 2 MongoDB repository interfaces.
2024-11-25T15:14:01.574-03:00  INFO 24044 --- [api] [522.mongodb.net] org.mongodb.driver.cluster               : Adding discovered server cluster-spring-shard-00-01.rr522.mongodb.net:27017 to client view of cluster
2024-11-25T15:14:01.630-03:00  INFO 24044 --- [api] [    Test worker] org.mongodb.driver.client                : MongoClient with metadata {"application": {"name": "cluster-spring"}, "driver": {"name": "mongo-java-driver|sync|spring-boot", "version": "5.0.1"}, "os": {"type": "Windows", "name": "Windows 10", "architecture": "amd64", "version": "10.0"}, "platform": "Java/Amazon.com Inc./21.0.3+9-LTS"} created with settings MongoClientSettings{readPreference=primary, writeConcern=WriteConcern{w=majority, wTimeout=null ms, journal=null}, retryWrites=true, retryReads=true, readConcern=ReadConcern{level=null}, credential=MongoCredential{mechanism=null, userName='eva2_spring', source='admin', password=<hidden>, mechanismProperties=<hidden>}, transportSettings=null, commandListeners=[], codecRegistry=ProvidersCodecRegistry{codecProviders=[ValueCodecProvider{}, BsonValueCodecProvider{}, DBRefCodecProvider{}, DBObjectCodecProvider{}, DocumentCodecProvider{}, CollectionCodecProvider{}, IterableCodecProvider{}, MapCodecProvider{}, GeoJsonCodecProvider{}, GridFSFileCodecProvider{}, Jsr310CodecProvider{}, JsonObjectCodecProvider{}, BsonCodecProvider{}, EnumCodecProvider{}, com.mongodb.client.model.mql.ExpressionCodecProvider@122635ef, com.mongodb.Jep395RecordCodecProvider@2ac519dc, com.mongodb.KotlinCodecProvider@3d53e6f7]}, loggerSettings=LoggerSettings{maxDocumentLength=1000}, clusterSettings={hosts=[127.0.0.1:27017], srvHost=cluster-spring.rr522.mongodb.net, srvServiceName=mongodb, mode=MULTIPLE, requiredClusterType=REPLICA_SET, requiredReplicaSetName='atlas-pfl1st-shard-0', serverSelector='null', clusterListeners='[]', serverSelectionTimeout='30000 ms', localThreshold='15 ms'}, socketSettings=SocketSettings{connectTimeoutMS=10000, readTimeoutMS=0, receiveBufferSize=0, proxySettings=ProxySettings{host=null, port=null, username=null, password=null}}, heartbeatSocketSettings=SocketSettings{connectTimeoutMS=10000, readTimeoutMS=10000, receiveBufferSize=0, proxySettings=ProxySettings{host=null, port=null, username=null, password=null}}, connectionPoolSettings=ConnectionPoolSettings{maxSize=100, minSize=0, maxWaitTimeMS=120000, maxConnectionLifeTimeMS=0, maxConnectionIdleTimeMS=0, maintenanceInitialDelayMS=0, maintenanceFrequencyMS=60000, connectionPoolListeners=[], maxConnecting=2}, serverSettings=ServerSettings{heartbeatFrequencyMS=10000, minHeartbeatFrequencyMS=500, serverListeners='[]', serverMonitorListeners='[]'}, sslSettings=SslSettings{enabled=true, invalidHostNameAllowed=false, context=null}, applicationName='cluster-spring', compressorList=[], uuidRepresentation=JAVA_LEGACY, serverApi=null, autoEncryptionSettings=null, dnsClient=null, inetAddressResolver=null, contextProvider=null}
2024-11-25T15:14:01.652-03:00  INFO 24044 --- [api] [522.mongodb.net] org.mongodb.driver.cluster               : Adding discovered server cluster-spring-shard-00-00.rr522.mongodb.net:27017 to client view of cluster
2024-11-25T15:14:01.656-03:00  INFO 24044 --- [api] [522.mongodb.net] org.mongodb.driver.cluster               : Adding discovered server cluster-spring-shard-00-02.rr522.mongodb.net:27017 to client view of cluster
2024-11-25T15:14:03.378-03:00  INFO 24044 --- [api] [ngodb.net:27017] org.mongodb.driver.cluster               : Monitor thread successfully connected to server with description ServerDescription{address=cluster-spring-shard-00-02.rr522.mongodb.net:27017, type=REPLICA_SET_SECONDARY, state=CONNECTED, ok=true, minWireVersion=0, maxWireVersion=25, maxDocumentSize=16777216, logicalSessionTimeoutMinutes=30, roundTripTimeNanos=1108717200, setName='atlas-pfl1st-shard-0', canonicalAddress=cluster-spring-shard-00-02.rr522.mongodb.net:27017, hosts=[cluster-spring-shard-00-01.rr522.mongodb.net:27017, cluster-spring-shard-00-00.rr522.mongodb.net:27017, cluster-spring-shard-00-02.rr522.mongodb.net:27017], passives=[], arbiters=[], primary='cluster-spring-shard-00-01.rr522.mongodb.net:27017', tagSet=TagSet{[Tag{name='availabilityZone', value='euc1-az1'}, Tag{name='diskState', value='READY'}, Tag{name='nodeType', value='ELECTABLE'}, Tag{name='provider', value='AWS'}, Tag{name='region', value='EU_CENTRAL_1'}, Tag{name='workloadType', value='OPERATIONAL'}]}, electionId=null, setVersion=255, topologyVersion=TopologyVersion{processId=674451b54979b92a5accdf5a, counter=5}, lastWriteDate=Mon Nov 25 15:14:06 CLST 2024, lastUpdateTimeNanos=742076973400}
2024-11-25T15:14:03.378-03:00  INFO 24044 --- [api] [ngodb.net:27017] org.mongodb.driver.cluster               : Monitor thread successfully connected to server with description ServerDescription{address=cluster-spring-shard-00-01.rr522.mongodb.net:27017, type=REPLICA_SET_PRIMARY, state=CONNECTED, ok=true, minWireVersion=0, maxWireVersion=25, maxDocumentSize=16777216, logicalSessionTimeoutMinutes=30, roundTripTimeNanos=1102375400, setName='atlas-pfl1st-shard-0', canonicalAddress=cluster-spring-shard-00-01.rr522.mongodb.net:27017, hosts=[cluster-spring-shard-00-01.rr522.mongodb.net:27017, cluster-spring-shard-00-00.rr522.mongodb.net:27017, cluster-spring-shard-00-02.rr522.mongodb.net:27017], passives=[], arbiters=[], primary='cluster-spring-shard-00-01.rr522.mongodb.net:27017', tagSet=TagSet{[Tag{name='availabilityZone', value='euc1-az3'}, Tag{name='diskState', value='READY'}, Tag{name='nodeType', value='ELECTABLE'}, Tag{name='provider', value='AWS'}, Tag{name='region', value='EU_CENTRAL_1'}, Tag{name='workloadType', value='OPERATIONAL'}]}, electionId=7fffffff000000000000032e, setVersion=255, topologyVersion=TopologyVersion{processId=67444dae226eddf92661812d, counter=10}, lastWriteDate=Mon Nov 25 15:14:06 CLST 2024, lastUpdateTimeNanos=742076973300}
2024-11-25T15:14:03.378-03:00  INFO 24044 --- [api] [ngodb.net:27017] org.mongodb.driver.cluster               : Monitor thread successfully connected to server with description ServerDescription{address=cluster-spring-shard-00-00.rr522.mongodb.net:27017, type=REPLICA_SET_SECONDARY, state=CONNECTED, ok=true, minWireVersion=0, maxWireVersion=25, maxDocumentSize=16777216, logicalSessionTimeoutMinutes=30, roundTripTimeNanos=1120899500, setName='atlas-pfl1st-shard-0', canonicalAddress=cluster-spring-shard-00-00.rr522.mongodb.net:27017, hosts=[cluster-spring-shard-00-01.rr522.mongodb.net:27017, cluster-spring-shard-00-00.rr522.mongodb.net:27017, cluster-spring-shard-00-02.rr522.mongodb.net:27017], passives=[], arbiters=[], primary='cluster-spring-shard-00-01.rr522.mongodb.net:27017', tagSet=TagSet{[Tag{name='availabilityZone', value='euc1-az2'}, Tag{name='diskState', value='READY'}, Tag{name='nodeType', value='ELECTABLE'}, Tag{name='provider', value='AWS'}, Tag{name='region', value='EU_CENTRAL_1'}, Tag{name='workloadType', value='OPERATIONAL'}]}, electionId=null, setVersion=255, topologyVersion=TopologyVersion{processId=67444fb35a18463853de1d7a, counter=5}, lastWriteDate=Mon Nov 25 15:14:06 CLST 2024, lastUpdateTimeNanos=742076973500}
2024-11-25T15:14:03.393-03:00  INFO 24044 --- [api] [ngodb.net:27017] org.mongodb.driver.cluster               : Discovered replica set primary cluster-spring-shard-00-01.rr522.mongodb.net:27017 with max election id 7fffffff000000000000032e and max set version 255
2024-11-25T15:14:04.091-03:00  INFO 24044 --- [api] [    Test worker] o.i.p.discografia.ApiApplicationTests    : Started ApiApplicationTests in 4.904 seconds (process running for 6.676)
]]></system-out>
  <system-err><![CDATA[WARNING: A Java agent has been loaded dynamically (C:\Users\HP\.gradle\caches\modules-2\files-2.1\net.bytebuddy\byte-buddy-agent\1.14.19\154da3a65b4f4a909d3e5bdec55d1b2b4cbb6ce1\byte-buddy-agent-1.14.19.jar)
WARNING: If a serviceability tool is in use, please run with -XX:+EnableDynamicAgentLoading to hide this warning
WARNING: If a serviceability tool is not in use, please run with -Djdk.instrument.traceUsage for more information
WARNING: Dynamic loading of agents will be disallowed by default in a future release
]]></system-err>
</testsuite>
